{
  "RSpec": {
    "coverage": {
      "/home/dat_boi/MockingHell/mocking-hell-cryptoteam/spec/ewallet_spec.rb": [
        1,
        1,
        null,
        1,
        1,
        3,
        null,
        2,
        null,
        1,
        1,
        null,
        null,
        1,
        1,
        null,
        null,
        1,
        1,
        null,
        null,
        null,
        null,
        2,
        2,
        2,
        null,
        1,
        1,
        1,
        null,
        null,
        1,
        1,
        1,
        1,
        1,
        null,
        null,
        1,
        null,
        null,
        null
      ],
      "/home/dat_boi/MockingHell/mocking-hell-cryptoteam/lib/ewallet.rb": [
        null,
        1,
        1,
        null,
        1,
        3,
        3,
        3,
        3,
        null,
        null
      ]
    },
    "timestamp": 1514082287
  }
}
